
=== Wed Jul 13 13:11:10 2022

Packages were changed.
Update Mode: updateDependencies

The following packages were updated:
  com.unity.collab-proxy from version 1.3.9 to 1.15.17
  com.unity.ide.visualstudio from version 2.0.7 to 2.0.15
  com.unity.ide.vscode from version 1.2.3 to 1.2.5
  com.unity.render-pipelines.universal from version 10.4.0 to 10.9.0
  com.unity.test-framework from version 1.1.24 to 1.1.31
  com.unity.textmeshpro from version 3.0.4 to 3.0.6
  com.unity.timeline from version 1.4.7 to 1.4.8

=== Tue Dec 13 23:57:14 2022

Packages were changed.
Update Mode: updateDependencies

The following packages were updated:
  com.unity.collab-proxy from version 1.15.17 to 1.17.7
  com.unity.ide.rider from version 2.0.7 to 3.0.16
  com.unity.ide.visualstudio from version 2.0.15 to 2.0.16
  com.unity.render-pipelines.universal from version 10.9.0 to 12.1.8
  com.unity.timeline from version 1.4.8 to 1.6.4

=== Thu Jul 27 08:04:59 2023

Packages were changed.
Update Mode: updateDependencies

The following packages were added:
  com.unity.ai.navigation@1.1.3
The following packages were updated:
  com.unity.collab-proxy from version 1.17.7 to 2.0.5
  com.unity.ide.rider from version 3.0.16 to 3.0.24
  com.unity.ide.visualstudio from version 2.0.16 to 2.0.18
  com.unity.render-pipelines.universal from version 12.1.8 to 14.0.8
  com.unity.test-framework from version 1.1.31 to 1.1.33
  com.unity.timeline from version 1.6.4 to 1.7.4
  com.unity.toolchain.win-x86_64-linux-x86_64 from version 2.0.3 to 2.0.4
